#
# There is insufficient memory for the Java Runtime Environment to continue.
# Native memory allocation (malloc) failed to allocate 864656 bytes for Chunk::new
# Possible reasons:
#   The system is out of physical RAM or swap space
#   The process is running with CompressedOops enabled, and the Java Heap may be blocking the growth of the native heap
# Possible solutions:
#   Reduce memory load on the system
#   Increase physical memory or swap space
#   Check if swap backing store is full
#   Decrease Java heap size (-Xmx/-Xms)
#   Decrease number of Java threads
#   Decrease Java thread stack sizes (-Xss)
#   Set larger code cache with -XX:ReservedCodeCacheSize=
#   JVM is running with Unscaled Compressed Oops mode in which the Java heap is
#     placed in the first 4GB address space. The Java Heap base address is the
#     maximum limit for the native heap growth. Please use -XX:HeapBaseMinAddress
#     to set the Java Heap base and to place the Java Heap above 4GB virtual address.
# This output file may be truncated or incomplete.
#
#  Out of Memory Error (allocation.cpp:389), pid=4236, tid=0x0000000000003c38
#
# JRE version: Java(TM) SE Runtime Environment (8.0_351-b10) (build 1.8.0_351-b10)
# Java VM: Java HotSpot(TM) 64-Bit Server VM (25.351-b10 mixed mode windows-amd64 compressed oops)
# Failed to write core dump. Minidumps are not enabled by default on client versions of Windows
#

---------------  T H R E A D  ---------------

Current thread (0x0000025cbd2e1800):  JavaThread "C2 CompilerThread2" daemon [_thread_in_native, id=15416, stack(0x000000a9b5100000,0x000000a9b5200000)]

Stack: [0x000000a9b5100000,0x000000a9b5200000]
Native frames: (J=compiled Java code, j=interpreted, Vv=VM code, C=native code)
V  [jvm.dll+0x3300b9]


Current CompileTask:
C2:   7322 3549       4       java.net.URLStreamHandler::parseURL (1193 bytes)


---------------  P R O C E S S  ---------------

Java Threads: ( => current thread )
  0x0000025cbfa30800 JavaThread "HikariPool-1 connection adder" daemon [_thread_blocked, id=5788, stack(0x000000a9b5800000,0x000000a9b5900000)]
  0x0000025cbfa37800 JavaThread "HikariPool-1 housekeeper" daemon [_thread_blocked, id=16060, stack(0x000000a9b5700000,0x000000a9b5800000)]
  0x0000025cbff1f000 JavaThread "mysql-cj-abandoned-connection-cleanup" daemon [_thread_blocked, id=12856, stack(0x000000a9b5500000,0x000000a9b5600000)]
  0x0000025cbd326000 JavaThread "Service Thread" daemon [_thread_blocked, id=10652, stack(0x000000a9b5300000,0x000000a9b5400000)]
  0x0000025cbd2ec800 JavaThread "C1 CompilerThread3" daemon [_thread_blocked, id=17096, stack(0x000000a9b5200000,0x000000a9b5300000)]
=>0x0000025cbd2e1800 JavaThread "C2 CompilerThread2" daemon [_thread_in_native, id=15416, stack(0x000000a9b5100000,0x000000a9b5200000)]
  0x0000025cbd2dc000 JavaThread "C2 CompilerThread1" daemon [_thread_blocked, id=4800, stack(0x000000a9b5000000,0x000000a9b5100000)]
  0x0000025cbd2da000 JavaThread "C2 CompilerThread0" daemon [_thread_in_native, id=12120, stack(0x000000a9b4f00000,0x000000a9b5000000)]
  0x0000025cbd2d4800 JavaThread "Monitor Ctrl-Break" daemon [_thread_in_native, id=7904, stack(0x000000a9b4e00000,0x000000a9b4f00000)]
  0x0000025cbb6de000 JavaThread "Attach Listener" daemon [_thread_blocked, id=2224, stack(0x000000a9b4d00000,0x000000a9b4e00000)]
  0x0000025cbb6dd000 JavaThread "Signal Dispatcher" daemon [_thread_blocked, id=2100, stack(0x000000a9b4c00000,0x000000a9b4d00000)]
  0x0000025cbb65e800 JavaThread "Finalizer" daemon [_thread_blocked, id=15600, stack(0x000000a9b4b00000,0x000000a9b4c00000)]
  0x0000025cbb657800 JavaThread "Reference Handler" daemon [_thread_blocked, id=16520, stack(0x000000a9b4a00000,0x000000a9b4b00000)]
  0x0000025ca5301000 JavaThread "main" [_thread_in_vm, id=10720, stack(0x000000a9b4000000,0x000000a9b4100000)]

Other Threads:
  0x0000025cbb632800 VMThread [stack: 0x000000a9b4900000,0x000000a9b4a00000] [id=13716]
  0x0000025cbd3f4000 WatcherThread [stack: 0x000000a9b5400000,0x000000a9b5500000] [id=12960]

VM state:not at safepoint (normal execution)

VM Mutex/Monitor currently owned by a thread: None

heap address: 0x0000000082200000, size: 2014 MB, Compressed Oops mode: 32-bit
Narrow klass base: 0x0000000000000000, Narrow klass shift: 3
Compressed class space size: 1073741824 Address: 0x0000000100000000

Heap:
 PSYoungGen      total 104448K, used 67200K [0x00000000d6100000, 0x00000000dd680000, 0x0000000100000000)
  eden space 94720K, 60% used [0x00000000d6100000,0x00000000d99654a0,0x00000000dbd80000)
  from space 9728K, 97% used [0x00000000dc800000,0x00000000dd13ab78,0x00000000dd180000)
  to   space 10752K, 0% used [0x00000000dbd80000,0x00000000dbd80000,0x00000000dc800000)
 ParOldGen       total 62464K, used 8184K [0x0000000082200000, 0x0000000085f00000, 0x00000000d6100000)
  object space 62464K, 13% used [0x0000000082200000,0x00000000829fe068,0x0000000085f00000)
 Metaspace       used 31972K, capacity 34393K, committed 34432K, reserved 1079296K
  class space    used 4256K, capacity 4697K, committed 4736K, reserved 1048576K

Card table byte_map: [0x0000025cb6090000,0x0000025cb6480000] byte_map_base: 0x0000025cb5c7f000

Marking Bits: (ParMarkBitMap*) 0x0000000065a48fd0
 Begin Bits: [0x0000025cb6720000, 0x0000025cb8698000)
 End Bits:   [0x0000025cb8698000, 0x0000025cba610000)

Polling page: 0x0000025ca5460000

CodeCache: size=245760Kb used=12571Kb max_used=12582Kb free=233188Kb
 bounds [0x0000025ca6cd0000, 0x0000025ca7930000, 0x0000025cb5cd0000]
 total_blobs=3979 nmethods=3537 adapters=354
 compilation: enabled

Compilation events (10 events):
Event: 7.202 Thread 0x0000025cbd2ec800 nmethod 3550 0x0000025ca790fad0 code [0x0000025ca790fc20, 0x0000025ca790fd18]
Event: 7.207 Thread 0x0000025cbd2dc000 3551  s    4       java.lang.Throwable::fillInStackTrace (29 bytes)
Event: 7.210 Thread 0x0000025cbd2dc000 nmethod 3551 0x0000025ca790f590 code [0x0000025ca790f6e0, 0x0000025ca790f9e8]
Event: 7.272 Thread 0x0000025cbd2ec800 3552       3       java.lang.Throwable::<init> (34 bytes)
Event: 7.272 Thread 0x0000025cbd2ec800 nmethod 3552 0x0000025ca78fd9d0 code [0x0000025ca78fdb40, 0x0000025ca78fde30]
Event: 7.274 Thread 0x0000025cbd2da000 3553   !   4       java.net.URL::<init> (543 bytes)
Event: 7.290 Thread 0x0000025cbd2ec800 3554       3       java.lang.Class::getDeclaredMethods (18 bytes)
Event: 7.290 Thread 0x0000025cbd2ec800 nmethod 3554 0x0000025ca78fd550 code [0x0000025ca78fd6e0, 0x0000025ca78fd900]
Event: 7.298 Thread 0x0000025cbd2dc000 3555       4       java.util.AbstractList$Itr::hasNext (20 bytes)
Event: 7.299 Thread 0x0000025cbd2dc000 nmethod 3555 0x0000025ca7911a10 code [0x0000025ca7911b60, 0x0000025ca7911c18]

GC Heap History (10 events):
Event: 2.849 GC heap before
{Heap before GC invocations=3 (full 0):
 PSYoungGen      total 37888K, used 37861K [0x00000000d6100000, 0x00000000dab00000, 0x0000000100000000)
  eden space 32768K, 100% used [0x00000000d6100000,0x00000000d8100000,0x00000000d8100000)
  from space 5120K, 99% used [0x00000000d8600000,0x00000000d8af9440,0x00000000d8b00000)
  to   space 5120K, 0% used [0x00000000d8100000,0x00000000d8100000,0x00000000d8600000)
 ParOldGen       total 86016K, used 1507K [0x0000000082200000, 0x0000000087600000, 0x00000000d6100000)
  object space 86016K, 1% used [0x0000000082200000,0x0000000082378e18,0x0000000087600000)
 Metaspace       used 17797K, capacity 19276K, committed 19328K, reserved 1067008K
  class space    used 2361K, capacity 2668K, committed 2688K, reserved 1048576K
Event: 2.858 GC heap after
Heap after GC invocations=3 (full 0):
 PSYoungGen      total 37888K, used 5096K [0x00000000d6100000, 0x00000000dab00000, 0x0000000100000000)
  eden space 32768K, 0% used [0x00000000d6100000,0x00000000d6100000,0x00000000d8100000)
  from space 5120K, 99% used [0x00000000d8100000,0x00000000d85fa2f0,0x00000000d8600000)
  to   space 5120K, 0% used [0x00000000da600000,0x00000000da600000,0x00000000dab00000)
 ParOldGen       total 86016K, used 4205K [0x0000000082200000, 0x0000000087600000, 0x00000000d6100000)
  object space 86016K, 4% used [0x0000000082200000,0x000000008261b408,0x0000000087600000)
 Metaspace       used 17797K, capacity 19276K, committed 19328K, reserved 1067008K
  class space    used 2361K, capacity 2668K, committed 2688K, reserved 1048576K
}
Event: 3.253 GC heap before
{Heap before GC invocations=4 (full 0):
 PSYoungGen      total 37888K, used 32931K [0x00000000d6100000, 0x00000000dab00000, 0x0000000100000000)
  eden space 32768K, 84% used [0x00000000d6100000,0x00000000d7c2eac0,0x00000000d8100000)
  from space 5120K, 99% used [0x00000000d8100000,0x00000000d85fa2f0,0x00000000d8600000)
  to   space 5120K, 0% used [0x00000000da600000,0x00000000da600000,0x00000000dab00000)
 ParOldGen       total 86016K, used 4205K [0x0000000082200000, 0x0000000087600000, 0x00000000d6100000)
  object space 86016K, 4% used [0x0000000082200000,0x000000008261b408,0x0000000087600000)
 Metaspace       used 19630K, capacity 21285K, committed 21296K, reserved 1067008K
  class space    used 2615K, capacity 2933K, committed 2944K, reserved 1048576K
Event: 3.263 GC heap after
Heap after GC invocations=4 (full 0):
 PSYoungGen      total 70656K, used 5096K [0x00000000d6100000, 0x00000000dab00000, 0x0000000100000000)
  eden space 65536K, 0% used [0x00000000d6100000,0x00000000d6100000,0x00000000da100000)
  from space 5120K, 99% used [0x00000000da600000,0x00000000daafa040,0x00000000dab00000)
  to   space 5120K, 0% used [0x00000000da100000,0x00000000da100000,0x00000000da600000)
 ParOldGen       total 86016K, used 7129K [0x0000000082200000, 0x0000000087600000, 0x00000000d6100000)
  object space 86016K, 8% used [0x0000000082200000,0x00000000828f6620,0x0000000087600000)
 Metaspace       used 19630K, capacity 21285K, committed 21296K, reserved 1067008K
  class space    used 2615K, capacity 2933K, committed 2944K, reserved 1048576K
}
Event: 3.263 GC heap before
{Heap before GC invocations=5 (full 1):
 PSYoungGen      total 70656K, used 5096K [0x00000000d6100000, 0x00000000dab00000, 0x0000000100000000)
  eden space 65536K, 0% used [0x00000000d6100000,0x00000000d6100000,0x00000000da100000)
  from space 5120K, 99% used [0x00000000da600000,0x00000000daafa040,0x00000000dab00000)
  to   space 5120K, 0% used [0x00000000da100000,0x00000000da100000,0x00000000da600000)
 ParOldGen       total 86016K, used 7129K [0x0000000082200000, 0x0000000087600000, 0x00000000d6100000)
  object space 86016K, 8% used [0x0000000082200000,0x00000000828f6620,0x0000000087600000)
 Metaspace       used 19630K, capacity 21285K, committed 21296K, reserved 1067008K
  class space    used 2615K, capacity 2933K, committed 2944K, reserved 1048576K
Event: 3.314 GC heap after
Heap after GC invocations=5 (full 1):
 PSYoungGen      total 70656K, used 0K [0x00000000d6100000, 0x00000000dab00000, 0x0000000100000000)
  eden space 65536K, 0% used [0x00000000d6100000,0x00000000d6100000,0x00000000da100000)
  from space 5120K, 0% used [0x00000000da600000,0x00000000da600000,0x00000000dab00000)
  to   space 5120K, 0% used [0x00000000da100000,0x00000000da100000,0x00000000da600000)
 ParOldGen       total 62464K, used 7880K [0x0000000082200000, 0x0000000085f00000, 0x00000000d6100000)
  object space 62464K, 12% used [0x0000000082200000,0x00000000829b2328,0x0000000085f00000)
 Metaspace       used 19630K, capacity 21285K, committed 21296K, reserved 1067008K
  class space    used 2615K, capacity 2933K, committed 2944K, reserved 1048576K
}
Event: 4.165 GC heap before
{Heap before GC invocations=6 (full 1):
 PSYoungGen      total 70656K, used 65536K [0x00000000d6100000, 0x00000000dab00000, 0x0000000100000000)
  eden space 65536K, 100% used [0x00000000d6100000,0x00000000da100000,0x00000000da100000)
  from space 5120K, 0% used [0x00000000da600000,0x00000000da600000,0x00000000dab00000)
  to   space 5120K, 0% used [0x00000000da100000,0x00000000da100000,0x00000000da600000)
 ParOldGen       total 62464K, used 7880K [0x0000000082200000, 0x0000000085f00000, 0x00000000d6100000)
  object space 62464K, 12% used [0x0000000082200000,0x00000000829b2328,0x0000000085f00000)
 Metaspace       used 23312K, capacity 25293K, committed 25600K, reserved 1071104K
  class space    used 3135K, capacity 3483K, committed 3584K, reserved 1048576K
Event: 4.173 GC heap after
Heap after GC invocations=6 (full 1):
 PSYoungGen      total 70656K, used 5095K [0x00000000d6100000, 0x00000000dd180000, 0x0000000100000000)
  eden space 65536K, 0% used [0x00000000d6100000,0x00000000d6100000,0x00000000da100000)
  from space 5120K, 99% used [0x00000000da100000,0x00000000da5f9cc8,0x00000000da600000)
  to   space 9728K, 0% used [0x00000000dc800000,0x00000000dc800000,0x00000000dd180000)
 ParOldGen       total 62464K, used 8176K [0x0000000082200000, 0x0000000085f00000, 0x00000000d6100000)
  object space 62464K, 13% used [0x0000000082200000,0x00000000829fc068,0x0000000085f00000)
 Metaspace       used 23312K, capacity 25293K, committed 25600K, reserved 1071104K
  class space    used 3135K, capacity 3483K, committed 3584K, reserved 1048576K
}
Event: 6.298 GC heap before
{Heap before GC invocations=7 (full 1):
 PSYoungGen      total 70656K, used 70631K [0x00000000d6100000, 0x00000000dd180000, 0x0000000100000000)
  eden space 65536K, 100% used [0x00000000d6100000,0x00000000da100000,0x00000000da100000)
  from space 5120K, 99% used [0x00000000da100000,0x00000000da5f9cc8,0x00000000da600000)
  to   space 9728K, 0% used [0x00000000dc800000,0x00000000dc800000,0x00000000dd180000)
 ParOldGen       total 62464K, used 8176K [0x0000000082200000, 0x0000000085f00000, 0x00000000d6100000)
  object space 62464K, 13% used [0x0000000082200000,0x00000000829fc068,0x0000000085f00000)
 Metaspace       used 27668K, capacity 29955K, committed 30208K, reserved 1075200K
  class space    used 3664K, capacity 4094K, committed 4096K, reserved 1048576K
Event: 6.349 GC heap after
Heap after GC invocations=7 (full 1):
 PSYoungGen      total 104448K, used 9450K [0x00000000d6100000, 0x00000000dd680000, 0x0000000100000000)
  eden space 94720K, 0% used [0x00000000d6100000,0x00000000d6100000,0x00000000dbd80000)
  from space 9728K, 97% used [0x00000000dc800000,0x00000000dd13ab78,0x00000000dd180000)
  to   space 10752K, 0% used [0x00000000dbd80000,0x00000000dbd80000,0x00000000dc800000)
 ParOldGen       total 62464K, used 8184K [0x0000000082200000, 0x0000000085f00000, 0x00000000d6100000)
  object space 62464K, 13% used [0x0000000082200000,0x00000000829fe068,0x0000000085f00000)
 Metaspace       used 27668K, capacity 29955K, committed 30208K, reserved 1075200K
  class space    used 3664K, capacity 4094K, committed 4096K, reserved 1048576K
}

Deoptimization events (10 events):
Event: 6.712 Thread 0x0000025ca5301000 Uncommon trap: reason=unstable_if action=reinterpret pc=0x0000025ca6f0b1f0 method=java.lang.AbstractStringBuilder.append(Ljava/lang/String;)Ljava/lang/AbstractStringBuilder; @ 1
Event: 6.839 Thread 0x0000025ca5301000 Uncommon trap: reason=bimorphic action=maybe_recompile pc=0x0000025ca710f59c method=java.util.HashMap.putVal(ILjava/lang/Object;Ljava/lang/Object;ZZ)Ljava/lang/Object; @ 253
Event: 6.841 Thread 0x0000025ca5301000 Uncommon trap: reason=bimorphic action=maybe_recompile pc=0x0000025ca710f59c method=java.util.HashMap.putVal(ILjava/lang/Object;Ljava/lang/Object;ZZ)Ljava/lang/Object; @ 253
Event: 6.992 Thread 0x0000025ca5301000 Uncommon trap: reason=unstable_if action=reinterpret pc=0x0000025ca774993c method=org.springframework.beans.factory.support.AbstractBeanFactory.isTypeMatch(Ljava/lang/String;Lorg/springframework/core/ResolvableType;Z)Z @ 72
Event: 7.010 Thread 0x0000025ca5301000 Uncommon trap: reason=unstable_if action=reinterpret pc=0x0000025ca720ab98 method=org.springframework.util.ConcurrentReferenceHashMap$Segment.clear()V @ 7
Event: 7.063 Thread 0x0000025ca5301000 Uncommon trap: reason=class_check action=maybe_recompile pc=0x0000025ca787f310 method=java.util.regex.Pattern$Curly.match(Ljava/util/regex/Matcher;ILjava/lang/CharSequence;)Z @ 19
Event: 7.063 Thread 0x0000025ca5301000 Uncommon trap: reason=class_check action=maybe_recompile pc=0x0000025ca787f310 method=java.util.regex.Pattern$Curly.match(Ljava/util/regex/Matcher;ILjava/lang/CharSequence;)Z @ 19
Event: 7.063 Thread 0x0000025ca5301000 Uncommon trap: reason=class_check action=maybe_recompile pc=0x0000025ca787f310 method=java.util.regex.Pattern$Curly.match(Ljava/util/regex/Matcher;ILjava/lang/CharSequence;)Z @ 19
Event: 7.063 Thread 0x0000025ca5301000 Uncommon trap: reason=class_check action=maybe_recompile pc=0x0000025ca787f310 method=java.util.regex.Pattern$Curly.match(Ljava/util/regex/Matcher;ILjava/lang/CharSequence;)Z @ 19
Event: 7.155 Thread 0x0000025ca5301000 Uncommon trap: reason=predicate action=maybe_recompile pc=0x0000025ca7124858 method=java.lang.String.regionMatches(ZILjava/lang/String;II)Z @ 63

Classes redefined (0 events):
No events

Internal exceptions (10 events):
Event: 6.229 Thread 0x0000025ca5301000 Exception <a 'java/lang/ClassNotFoundException': org/springframework/beans/factory/FactoryBeanCustomizer> (0x00000000d9ca7d30) thrown at [C:\jenkins\workspace\8-2-build-windows-x64-cygwin\jdk8u351\2908\hotspot\src\share\vm\classfile\systemDictionary.cpp, 
Event: 6.229 Thread 0x0000025ca5301000 Exception <a 'java/lang/ClassNotFoundException': org/springframework/beans/factory/InitializingBeanCustomizer> (0x00000000d9cc6c88) thrown at [C:\jenkins\workspace\8-2-build-windows-x64-cygwin\jdk8u351\2908\hotspot\src\share\vm\classfile\systemDictionary.
Event: 6.694 Thread 0x0000025ca5301000 Exception <a 'java/lang/NoSuchMethodError': java.lang.Object.lambda$getAllSqlWhere$1(ZLcom/baomidou/mybatisplus/core/metadata/TableInfo;Lcom/baomidou/mybatisplus/core/metadata/TableFieldInfo;)Z> (0x00000000d6efcd60) thrown at [C:\jenkins\workspace\8-2-bui
Event: 6.695 Thread 0x0000025ca5301000 Exception <a 'java/lang/NoSuchMethodError': java.lang.Object.lambda$getAllSqlWhere$2(Ljava/lang/String;Lcom/baomidou/mybatisplus/core/metadata/TableFieldInfo;)Ljava/lang/String;> (0x00000000d6f02328) thrown at [C:\jenkins\workspace\8-2-build-windows-x64-c
Event: 6.712 Thread 0x0000025ca5301000 Implicit null exception at 0x0000025ca6f0ae19 to 0x0000025ca6f0b1d9
Event: 6.778 Thread 0x0000025ca5301000 Exception <a 'java/lang/NoSuchMethodError': java.lang.Object.lambda$mpjGetAllSqlSet$3(ZLcom/baomidou/mybatisplus/core/metadata/TableInfo;Lcom/baomidou/mybatisplus/core/metadata/TableFieldInfo;)Z> (0x00000000d758f2c8) thrown at [C:\jenkins\workspace\8-2-bu
Event: 6.779 Thread 0x0000025ca5301000 Exception <a 'java/lang/NoSuchMethodError': java.lang.Object.lambda$mpjGetAllSqlSet$4(Ljava/lang/String;Lcom/baomidou/mybatisplus/core/metadata/TableFieldInfo;)Ljava/lang/String;> (0x00000000d7593618) thrown at [C:\jenkins\workspace\8-2-build-windows-x64-
Event: 7.045 Thread 0x0000025ca5301000 Exception <a 'java/lang/ClassNotFoundException': java/lang/ObjectCustomizer> (0x00000000d8b30b80) thrown at [C:\jenkins\workspace\8-2-build-windows-x64-cygwin\jdk8u351\2908\hotspot\src\share\vm\classfile\systemDictionary.cpp, line 212]
Event: 7.047 Thread 0x0000025ca5301000 Exception <a 'java/lang/ClassNotFoundException': com/tang/mybatisplusjoin/SelectTestCustomizer> (0x00000000d8b4a9e0) thrown at [C:\jenkins\workspace\8-2-build-windows-x64-cygwin\jdk8u351\2908\hotspot\src\share\vm\classfile\systemDictionary.cpp, line 212]
Event: 7.172 Thread 0x0000025ca5301000 Exception <a 'java/lang/ClassNotFoundException': java/lang/Module> (0x00000000d9010160) thrown at [C:\jenkins\workspace\8-2-build-windows-x64-cygwin\jdk8u351\2908\hotspot\src\share\vm\classfile\systemDictionary.cpp, line 212]

Events (10 events):
Event: 7.316 loading class net/bytebuddy/implementation/MethodDelegation$ImplementationDelegate$ForStaticMethod
Event: 7.316 loading class net/bytebuddy/implementation/MethodDelegation$ImplementationDelegate$ForStaticMethod done
Event: 7.317 loading class net/bytebuddy/implementation/MethodDelegation$ImplementationDelegate$Compiled
Event: 7.317 loading class net/bytebuddy/implementation/MethodDelegation$ImplementationDelegate$Compiled done
Event: 7.318 loading class net/bytebuddy/implementation/bind/annotation/IgnoreForBinding$Verifier
Event: 7.318 loading class net/bytebuddy/implementation/bind/annotation/IgnoreForBinding$Verifier done
Event: 7.318 loading class net/bytebuddy/description/annotation/AnnotationList$ForLoadedAnnotations
Event: 7.318 loading class net/bytebuddy/description/annotation/AnnotationList$ForLoadedAnnotations done
Event: 7.319 loading class net/bytebuddy/description/annotation/AnnotationList$AbstractBase
Event: 7.319 loading class net/bytebuddy/description/annotation/AnnotationList$AbstractBase done


Dynamic libraries:
0x00007ff657730000 - 0x00007ff657777000 	C:\Program Files\Java\jdk1.8.0_351\bin\java.exe
0x00007ffa9e800000 - 0x00007ffa9ea09000 	C:\WINDOWS\SYSTEM32\ntdll.dll
0x00007ffa9dff0000 - 0x00007ffa9e0ad000 	C:\WINDOWS\System32\KERNEL32.DLL
0x00007ffa9bf70000 - 0x00007ffa9c2e4000 	C:\WINDOWS\System32\KERNELBASE.dll
0x00007ffa9d2f0000 - 0x00007ffa9d39e000 	C:\WINDOWS\System32\ADVAPI32.dll
0x00007ffa9d070000 - 0x00007ffa9d113000 	C:\WINDOWS\System32\msvcrt.dll
0x00007ffa9d120000 - 0x00007ffa9d1be000 	C:\WINDOWS\System32\sechost.dll
0x00007ffa9d7a0000 - 0x00007ffa9d8c0000 	C:\WINDOWS\System32\RPCRT4.dll
0x00007ffa9ce50000 - 0x00007ffa9cffc000 	C:\WINDOWS\System32\USER32.dll
0x00007ffa9bf40000 - 0x00007ffa9bf66000 	C:\WINDOWS\System32\win32u.dll
0x00007ffa9e220000 - 0x00007ffa9e249000 	C:\WINDOWS\System32\GDI32.dll
0x00007ffa9bcf0000 - 0x00007ffa9be02000 	C:\WINDOWS\System32\gdi32full.dll
0x00007ffa9c4e0000 - 0x00007ffa9c57d000 	C:\WINDOWS\System32\msvcp_win.dll
0x00007ffa9c580000 - 0x00007ffa9c691000 	C:\WINDOWS\System32\ucrtbase.dll
0x00007ffa82370000 - 0x00007ffa82615000 	C:\WINDOWS\WinSxS\amd64_microsoft.windows.common-controls_6595b64144ccf1df_6.0.22000.120_none_9d947278b86cc467\COMCTL32.dll
0x00007ffa9d760000 - 0x00007ffa9d791000 	C:\WINDOWS\System32\IMM32.DLL
0x00007ffa891f0000 - 0x00007ffa89205000 	C:\Program Files\Java\jdk1.8.0_351\jre\bin\vcruntime140.dll
0x00007ffa87670000 - 0x00007ffa8770b000 	C:\Program Files\Java\jdk1.8.0_351\jre\bin\msvcp140.dll
0x0000000065260000 - 0x0000000065ac1000 	C:\Program Files\Java\jdk1.8.0_351\jre\bin\server\jvm.dll
0x00007ffa9d2e0000 - 0x00007ffa9d2e8000 	C:\WINDOWS\System32\PSAPI.DLL
0x00007ffa92a20000 - 0x00007ffa92a53000 	C:\WINDOWS\SYSTEM32\WINMM.dll
0x00007ffa94fd0000 - 0x00007ffa94fd9000 	C:\WINDOWS\SYSTEM32\WSOCK32.dll
0x00007ffa925c0000 - 0x00007ffa925ca000 	C:\WINDOWS\SYSTEM32\VERSION.dll
0x00007ffa9d000000 - 0x00007ffa9d06f000 	C:\WINDOWS\System32\WS2_32.dll
0x00007ffa9adf0000 - 0x00007ffa9ae08000 	C:\WINDOWS\SYSTEM32\kernel.appcore.dll
0x00007ffa94f30000 - 0x00007ffa94f40000 	C:\Program Files\Java\jdk1.8.0_351\jre\bin\verify.dll
0x00007ffa89180000 - 0x00007ffa891ab000 	C:\Program Files\Java\jdk1.8.0_351\jre\bin\java.dll
0x00007ffa78970000 - 0x00007ffa789a0000 	C:\Program Files\Java\jdk1.8.0_351\jre\bin\instrument.dll
0x00007ffa88c40000 - 0x00007ffa88c58000 	C:\Program Files\Java\jdk1.8.0_351\jre\bin\zip.dll
0x00007ffa9c6a0000 - 0x00007ffa9ce4e000 	C:\WINDOWS\System32\SHELL32.dll
0x00007ffa99e60000 - 0x00007ffa9a6c8000 	C:\WINDOWS\SYSTEM32\windows.storage.dll
0x00007ffa9e2e0000 - 0x00007ffa9e658000 	C:\WINDOWS\System32\combase.dll
0x00007ffa99cf0000 - 0x00007ffa99e56000 	C:\WINDOWS\SYSTEM32\wintypes.dll
0x00007ffa9d670000 - 0x00007ffa9d75a000 	C:\WINDOWS\System32\SHCORE.dll
0x00007ffa9e1c0000 - 0x00007ffa9e21d000 	C:\WINDOWS\System32\shlwapi.dll
0x00007ffa9bc20000 - 0x00007ffa9bc41000 	C:\WINDOWS\SYSTEM32\profapi.dll
0x00007ffa88490000 - 0x00007ffa884aa000 	C:\Program Files\JetBrains\IntelliJ IDEA 2022.1.4\bin\breakgen64.dll
0x00007ffa875a0000 - 0x00007ffa875bc000 	C:\Program Files\Java\jdk1.8.0_351\jre\bin\net.dll
0x00007ffa9b220000 - 0x00007ffa9b287000 	C:\WINDOWS\system32\mswsock.dll
0x00007ffa871b0000 - 0x00007ffa871c3000 	C:\Program Files\Java\jdk1.8.0_351\jre\bin\nio.dll
0x00007ffa88bc0000 - 0x00007ffa88bcd000 	C:\Program Files\Java\jdk1.8.0_351\jre\bin\management.dll
0x00007ffa71af0000 - 0x00007ffa71b07000 	C:\WINDOWS\system32\napinsp.dll
0x00007ffa71ad0000 - 0x00007ffa71aeb000 	C:\WINDOWS\system32\pnrpnsp.dll
0x00007ffa9a950000 - 0x00007ffa9aa37000 	C:\WINDOWS\SYSTEM32\DNSAPI.dll
0x00007ffa9a920000 - 0x00007ffa9a94d000 	C:\WINDOWS\SYSTEM32\IPHLPAPI.DLL
0x00007ffa9d400000 - 0x00007ffa9d409000 	C:\WINDOWS\System32\NSI.dll
0x00007ffa71780000 - 0x00007ffa71792000 	C:\WINDOWS\System32\winrnr.dll
0x00007ffa71760000 - 0x00007ffa71775000 	C:\WINDOWS\system32\wshbth.dll
0x00007ffa71740000 - 0x00007ffa7175f000 	C:\WINDOWS\system32\nlansp_c.dll
0x00007ffa90690000 - 0x00007ffa9069a000 	C:\Windows\System32\rasadhlp.dll
0x00007ffa906a0000 - 0x00007ffa90721000 	C:\WINDOWS\System32\fwpuclnt.dll
0x00007ffa930e0000 - 0x00007ffa930f9000 	C:\WINDOWS\SYSTEM32\dhcpcsvc6.DLL
0x00007ffa93650000 - 0x00007ffa9366e000 	C:\WINDOWS\SYSTEM32\dhcpcsvc.DLL

VM Arguments:
jvm_args: -ea -Didea.test.cyclic.buffer.size=1048576 -javaagent:C:\Program Files\JetBrains\IntelliJ IDEA 2022.1.4\lib\idea_rt.jar=54070:C:\Program Files\JetBrains\IntelliJ IDEA 2022.1.4\bin -Dfile.encoding=UTF-8 
java_command: com.intellij.rt.junit.JUnitStarter -ideVersion5 -junit5 com.tang.mybatisplusjoin.SelectTest
java_class_path (initial): C:\Users\ASUS\.m2\repository\org\junit\platform\junit-platform-launcher\1.7.2\junit-platform-launcher-1.7.2.jar;C:\Users\ASUS\.m2\repository\org\apiguardian\apiguardian-api\1.1.0\apiguardian-api-1.1.0.jar;C:\Users\ASUS\.m2\repository\org\junit\platform\junit-platform-engine\1.7.2\junit-platform-engine-1.7.2.jar;C:\Users\ASUS\.m2\repository\org\opentest4j\opentest4j\1.2.0\opentest4j-1.2.0.jar;C:\Users\ASUS\.m2\repository\org\junit\platform\junit-platform-commons\1.7.2\junit-platform-commons-1.7.2.jar;C:\Program Files\JetBrains\IntelliJ IDEA 2022.1.4\lib\idea_rt.jar;C:\Program Files\JetBrains\IntelliJ IDEA 2022.1.4\plugins\junit\lib\junit5-rt.jar;C:\Program Files\JetBrains\IntelliJ IDEA 2022.1.4\plugins\junit\lib\junit-rt.jar;C:\Program Files\Java\jdk1.8.0_351\jre\lib\charsets.jar;C:\Program Files\Java\jdk1.8.0_351\jre\lib\deploy.jar;C:\Program Files\Java\jdk1.8.0_351\jre\lib\ext\access-bridge-64.jar;C:\Program Files\Java\jdk1.8.0_351\jre\lib\ext\cldrdata.jar;C:\Program Files\Java\jdk1.8.0_351\jre\lib\ext\dnsns.jar;C:\Program Files\Java\jdk1.8.0_351\jre\lib\ext\jaccess.jar;C:\Program Files\Java\jdk1.8.0_351\jre\lib\ext\jfxrt.jar;C:\Program Files\Java\jdk1.8.0_351\jre\lib\ext\localedata.jar;C:\Program Files\Java\jdk1.8.0_351\jre\lib\ext\nashorn.jar;C:\Program Files\Java\jdk1.8.0_351\jre\lib\ext\sunec.jar;C:\Program Files\Java\jdk1.8.0_351\jre\lib\ext\sunjce_provider.jar;C:\Program Files\Java\jdk1.8.0_351\jre\lib\ext\sunmscapi.jar;C:\Program Files\Java\jdk1.8.0_351\jre\lib\ext\sunpkcs11.jar;C:\Program Files\Java\jdk1.8.0_351\jre\lib\ext\zipfs.jar;C:\Program Files\Java\jdk1.8.0_351\jre\lib\javaws.jar;C:\Program Files\Java\jdk1.8.0_351\jre\lib\jce.jar;C:\Program Files\Java\jdk1.8.0_351\jre\lib\jfr.jar;C:\Program Files\Java\jdk1.8.0_351\jre\lib\jfxswt.jar;C:\Program Files\Java\jdk1.8.0_351\jre\lib\jsse.jar;C:\Program Files\Java\jdk1.8.0_351\jre\lib\management-agent.jar;C:\Program Files\Java\jdk1.8.0_351\jre\lib\plugin.jar;C:\Program Files\Java\
Launcher Type: SUN_STANDARD

Environment Variables:
JAVA_HOME=C:\Program Files\Java\jdk1.8.0_351
CLASSPATH=C:\Program Files\Java\jdk1.8.0_351\bin\dt.jar;C:\Program Files\Java\jdk1.8.0_351\lib\tools.jar;D:\apache-jmeter-5.3\lib\ext\ApacheJMeter_core.jar; D:\apache-jmeter-5.3\lib\jorphan.jar;
PATH=D:\biye\node141505\node_modules;D:\biye\node141505\node_global;D:\biye\node141505;C:\Python27\;C:\Python27\Scripts;C:\Users\ASUS\AppData\Local\Programs\Python\Python37\Scripts\;C:\Users\ASUS\AppData\Local\Programs\Python\Python37\;C:\Program Files (x86)\Common Files\Oracle\Java\javapath;D:\python37\Scripts\;D:\python37\;C:\Program Files\Java\jdk1.8.0_351\bin;C:\Program Files\Java\jdk1.8.0_351\jre\bin;D:\apache-tomcat-9.0.43\bin;D:\mysql-8.0.21-winx64\bin;C:\WINDOWS\system32;C:\WINDOWS;C:\WINDOWS\System32\Wbem;C:\WINDOWS\System32\WindowsPowerShell\v1.0\;C:\WINDOWS\System32\OpenSSH\;D:\git\Git\bin;D:\Python\PyCharm 2021.2.1\bin;D:\apache-maven-3.8.2\bin;D:\Microsoft\Micro2\150\Tools\Binn\;D:\Microsoft\Micro1\150\Tools\Binn\;D:\Microsoft\Micro2\150\DTS\Binn\;D:\Microsoft\Micro1\150\DTS\Binn\;D:\Microsoft\Micro1\Client SDK\ODBC\170\Tools\Binn\;C:\Program Files (x86)\dotnet\;D:\apache-jmeter-5.3\bin;C:\Program Files\dotnet\;D:\ProgramFiles\Go\bin;D:\Python\Scripts\;D:\Python\;D:\英雄时刻\python-3.7.0\Scripts\;D:\英雄时刻\python-3.7.0\;C:\Users\ASUS\AppData\Local\Microsoft\WindowsApps;D:\百度\;D:\apache-tomcat-9.0.43\bin;D:\mysql-8.0.21-winx64\bin;D:\git\Git\bin;D:\Python\PyCharm 2021.2.1\bin;;D:\ProgramFiles\Microsoft VS Code\bin;C:\Users\ASUS\go\bin;C:\Users\ASUS\AppData\Local\GitHubDesktop\bin
USERNAME=ASUS
OS=Windows_NT
PROCESSOR_IDENTIFIER=Intel64 Family 6 Model 142 Stepping 10, GenuineIntel



---------------  S Y S T E M  ---------------

OS: Windows 11 , 64 bit Build 22000 (10.0.22000.434)

CPU:total 8 (initial active 8) (4 cores per cpu, 2 threads per core) family 6 model 142 stepping 10, cmov, cx8, fxsr, mmx, sse, sse2, sse3, ssse3, sse4.1, sse4.2, popcnt, avx, avx2, aes, clmul, erms, 3dnowpref, lzcnt, ht, tsc, tscinvbit, bmi1, bmi2, adx

Memory: 4k page, physical 8241260k(366592k free), swap 9975764k(2364k free)

vm_info: Java HotSpot(TM) 64-Bit Server VM (25.351-b10) for windows-amd64 JRE (1.8.0_351-b10), built on Sep 15 2022 02:58:06 by "java_re" with MS VC++ 15.9 (VS2017)

time: Sat Aug 19 10:40:48 2023
timezone: Intel64 Family 6 Model 142 Stepping 10, GenuineIntel
elapsed time: 7.331538 seconds (0d 0h 0m 7s)

